<?xml version="1.0" encoding="UTF-8"?>
<!-- Generated by org.testng.reporters.JUnitReportReporter -->
<testsuite hostname="Wild-Phoenix" failures="0" tests="2" name="com.flink.testfactory.TestRunner" time="43.906" errors="0" timestamp="13 Nov 2021 20:19:13 GMT" skipped="0">
  <testcase classname="com.flink.testfactory.TestRunner" name="runScenario" time="21.491"/>
  <testcase classname="com.flink.testfactory.TestRunner" name="runScenario" time="22.415"/>
</testsuite> <!-- com.flink.testfactory.TestRunner -->
